[2026-02-09 09:09:46] [INFO] User activity | Context: {"user_id":1,"activity":"LOGIN_SUCCESS","details":"::1","ip_address":"::1"}
[2026-02-09 09:09:47] [INFO] User logged in successfully | Context: {"user_id":1,"email":"admin@shebamiles.com","ip":"::1"}
[2026-02-09 09:12:34] [INFO] User activity | Context: {"user_id":1,"activity":"LOGIN_SUCCESS","details":"::1","ip_address":"::1"}
[2026-02-09 09:12:34] [INFO] User logged in successfully | Context: {"user_id":1,"email":"admin@shebamiles.com","ip":"::1"}
[2026-02-09 09:32:32] [INFO] User activity | Context: {"user_id":1,"activity":"LOGIN_SUCCESS","details":"::1","ip_address":"::1"}
[2026-02-09 09:32:32] [INFO] User logged in successfully | Context: {"user_id":1,"email":"admin@shebamiles.com","ip":"::1"}
[2026-02-09 09:35:29] [INFO] User activity | Context: {"user_id":1,"activity":"LOGIN_SUCCESS","details":"::1","ip_address":"::1"}
[2026-02-09 09:35:29] [INFO] User logged in successfully | Context: {"user_id":1,"email":"admin@shebamiles.com","ip":"::1"}
[2026-02-09 09:35:55] [INFO] User activity | Context: {"user_id":1,"activity":"LOGIN_SUCCESS","details":"::1","ip_address":"::1"}
[2026-02-09 09:35:55] [INFO] User logged in successfully | Context: {"user_id":1,"email":"admin@shebamiles.com","ip":"::1"}
[2026-02-09 09:42:44] [INFO] User activity | Context: {"user_id":9,"activity":"SIGNUP","details":"User registered successfully","ip_address":"::1"}
[2026-02-09 09:42:59] [INFO] Login attempt with unverified account | Context: {"user_id":9}
[2026-02-09 09:43:14] [INFO] Login attempt with unverified account | Context: {"user_id":9}
[2026-02-09 09:44:23] [INFO] User activity | Context: {"user_id":10,"activity":"SIGNUP","details":"User registered successfully","ip_address":"::1"}
[2026-02-09 09:51:02] [INFO] User activity | Context: {"user_id":11,"activity":"SIGNUP","details":"User registered successfully","ip_address":"::1"}
[2026-02-09 09:51:18] [INFO] User activity | Context: {"user_id":11,"activity":"LOGIN_SUCCESS","details":"::1","ip_address":"::1"}
[2026-02-09 09:51:18] [INFO] User logged in successfully | Context: {"user_id":11,"email":"tomiwaorija@gmail.com","ip":"::1"}
[2026-02-09 09:11:10] [WARNING] Database connection attempt failed | Context: {"attempt":1,"max_retries":3,"error":"No such file or directory"}
[2026-02-09 09:11:11] [WARNING] Database connection attempt failed | Context: {"attempt":2,"max_retries":3,"error":"No such file or directory"}
[2026-02-09 09:11:13] [WARNING] Database connection attempt failed | Context: {"attempt":3,"max_retries":3,"error":"No such file or directory"}
[2026-02-09 09:11:42] [WARNING] Database connection attempt failed | Context: {"attempt":1,"max_retries":3,"error":"No such file or directory"}
[2026-02-09 09:11:43] [WARNING] Database connection attempt failed | Context: {"attempt":2,"max_retries":3,"error":"No such file or directory"}
[2026-02-09 09:11:45] [WARNING] Database connection attempt failed | Context: {"attempt":3,"max_retries":3,"error":"No such file or directory"}
[2026-02-09 09:11:56] [INFO] Test info message | Context: {"test":"value"}
[2026-02-09 09:11:56] [WARNING] Test warning message
[2026-02-09 09:13:39] [WARNING] Database connection attempt failed | Context: {"attempt":1,"max_retries":3,"error":"No such file or directory"}
[2026-02-09 09:13:40] [WARNING] Database connection attempt failed | Context: {"attempt":2,"max_retries":3,"error":"No such file or directory"}
[2026-02-09 09:13:42] [WARNING] Database connection attempt failed | Context: {"attempt":3,"max_retries":3,"error":"No such file or directory"}
